e:\project\cpp\dungreed\release\dungreed.exe
e:\project\cpp\dungreed\release\dungreed.pdb
e:\project\cpp\dungreed\dungreed\release\vc141.pdb
e:\project\cpp\dungreed\dungreed\release\dynamicfont.obj
e:\project\cpp\dungreed\dungreed\release\dropiteminfo.obj
e:\project\cpp\dungreed\dungreed\release\dropitem.obj
e:\project\cpp\dungreed\dungreed\release\door.obj
e:\project\cpp\dungreed\dungreed\release\databasemanager.obj
e:\project\cpp\dungreed\dungreed\release\cosmosswrod.obj
e:\project\cpp\dungreed\dungreed\release\collisionmanager.obj
e:\project\cpp\dungreed\dungreed\release\cameramanager.obj
e:\project\cpp\dungreed\dungreed\release\button.obj
e:\project\cpp\dungreed\dungreed\release\bullet.obj
e:\project\cpp\dungreed\dungreed\release\box.obj
e:\project\cpp\dungreed\dungreed\release\blacksmith.obj
e:\project\cpp\dungreed\dungreed\release\belialsword.obj
e:\project\cpp\dungreed\dungreed\release\belial.obj
e:\project\cpp\dungreed\dungreed\release\bat.obj
e:\project\cpp\dungreed\dungreed\release\banshee.obj
e:\project\cpp\dungreed\dungreed\release\armor.obj
e:\project\cpp\dungreed\dungreed\release\animation.obj
e:\project\cpp\dungreed\dungreed\release\accessory.obj
e:\project\cpp\dungreed\dungreed\release\ability.obj
e:\project\cpp\dungreed\dungreed\release\lalamagicwand.obj
e:\project\cpp\dungreed\dungreed\release\keymanager.obj
e:\project\cpp\dungreed\dungreed\release\itemshop.obj
e:\project\cpp\dungreed\dungreed\release\itemmanager.obj
e:\project\cpp\dungreed\dungreed\release\iteminfo.obj
e:\project\cpp\dungreed\dungreed\release\item.obj
e:\project\cpp\dungreed\dungreed\release\inventory.obj
e:\project\cpp\dungreed\dungreed\release\imagemanager.obj
e:\project\cpp\dungreed\dungreed\release\imageloader.obj
e:\project\cpp\dungreed\dungreed\release\imagegpmanager.obj
e:\project\cpp\dungreed\dungreed\release\image.obj
e:\project\cpp\dungreed\dungreed\release\imagegp.obj
e:\project\cpp\dungreed\dungreed\release\gamenode.obj
e:\project\cpp\dungreed\dungreed\release\fontmanager.obj
e:\project\cpp\dungreed\dungreed\release\imagefont.obj
e:\project\cpp\dungreed\dungreed\release\gun.obj
e:\project\cpp\dungreed\dungreed\release\foodshop.obj
e:\project\cpp\dungreed\dungreed\release\filemanager.obj
e:\project\cpp\dungreed\dungreed\release\enemy.obj
e:\project\cpp\dungreed\dungreed\release\effect.obj
e:\project\cpp\dungreed\dungreed\release\tilemanager.obj
e:\project\cpp\dungreed\dungreed\release\sword.obj
e:\project\cpp\dungreed\dungreed\release\spear.obj
e:\project\cpp\dungreed\dungreed\release\soundloader.obj
e:\project\cpp\dungreed\dungreed\release\skill.obj
e:\project\cpp\dungreed\dungreed\release\skeldog.obj
e:\project\cpp\dungreed\dungreed\release\skel.obj
e:\project\cpp\dungreed\dungreed\release\scarecrow.obj
e:\project\cpp\dungreed\dungreed\release\playermanager.obj
e:\project\cpp\dungreed\dungreed\release\playerhpbar.obj
e:\project\cpp\dungreed\dungreed\release\enemyhpbar.obj
e:\project\cpp\dungreed\dungreed\release\objectmanager.obj
e:\project\cpp\dungreed\dungreed\release\npc.obj
e:\project\cpp\dungreed\dungreed\release\niflheimpillar.obj
e:\project\cpp\dungreed\dungreed\release\niflheim.obj
e:\project\cpp\dungreed\dungreed\release\minimap.obj
e:\project\cpp\dungreed\dungreed\release\cursor.obj
e:\project\cpp\dungreed\dungreed\release\messageboxmanager.obj
e:\project\cpp\dungreed\dungreed\release\mapmanager.obj
e:\project\cpp\dungreed\dungreed\release\littleghost.obj
e:\project\cpp\dungreed\dungreed\release\winmain.obj
e:\project\cpp\dungreed\dungreed\release\utils.obj
e:\project\cpp\dungreed\dungreed\release\unit.obj
e:\project\cpp\dungreed\dungreed\release\uimanager.obj
e:\project\cpp\dungreed\dungreed\release\ui.obj
e:\project\cpp\dungreed\dungreed\release\tresure.obj
e:\project\cpp\dungreed\dungreed\release\gamescene.obj
e:\project\cpp\dungreed\dungreed\release\timer.obj
e:\project\cpp\dungreed\dungreed\release\timemanager.obj
e:\project\cpp\dungreed\dungreed\release\textdatamanager.obj
e:\project\cpp\dungreed\dungreed\release\testscene.obj
e:\project\cpp\dungreed\dungreed\release\stdafx.obj
e:\project\cpp\dungreed\dungreed\release\soundmanager.obj
e:\project\cpp\dungreed\dungreed\release\scenemanager.obj
e:\project\cpp\dungreed\dungreed\release\player.obj
e:\project\cpp\dungreed\dungreed\release\pixelcollider.obj
e:\project\cpp\dungreed\dungreed\release\object.obj
e:\project\cpp\dungreed\dungreed\release\maptoolscene.obj
e:\project\cpp\dungreed\dungreed\release\maingame.obj
e:\project\cpp\dungreed\dungreed\release\startscene.obj
e:\project\cpp\dungreed\dungreed\release\worm.obj
e:\project\cpp\dungreed\dungreed\release\worldmap.obj
e:\project\cpp\dungreed\release\dungreed.ipdb
e:\project\cpp\dungreed\release\dungreed.iobj
e:\project\cpp\dungreed\dungreed\release\jsonsaveloader.obj
e:\project\cpp\dungreed\dungreed\release\dungreed.tlog\cl.command.1.tlog
e:\project\cpp\dungreed\dungreed\release\dungreed.tlog\link.read.1.tlog
e:\project\cpp\dungreed\dungreed\release\dungreed.tlog\link.write.1.tlog
e:\project\cpp\dungreed\dungreed\release\dungreed.tlog\link.command.1.tlog
e:\project\cpp\dungreed\dungreed\release\dungreed.tlog\cl.read.1.tlog
e:\project\cpp\dungreed\dungreed\release\dungreed.tlog\cl.write.1.tlog
e:\project\cpp\dungreed\dungreed\release\dungreed.tlog\dungreed.write.1u.tlog
